<?xml version="1.0" encoding="UTF-8"?>
<testsuite name="com.mindex.challenge.ChallengeApplicationTests" tests="1" skipped="0" failures="0" errors="0" timestamp="2024-08-05T08:00:52" hostname="Samuels-MacBook-Pro.local" time="0.619">
  <properties/>
  <testcase name="contextLoads" classname="com.mindex.challenge.ChallengeApplicationTests" time="0.619"/>
  <system-out><![CDATA[04:00:49.974 [Test worker] INFO org.springframework.test.context.support.AnnotationConfigContextLoaderUtils -- Could not detect default configuration classes for test class [com.mindex.challenge.ChallengeApplicationTests]: ChallengeApplicationTests does not declare any static, non-private, non-final, nested classes annotated with @Configuration.
04:00:50.076 [Test worker] INFO org.springframework.boot.test.context.SpringBootTestContextBootstrapper -- Found @SpringBootConfiguration com.mindex.challenge.ChallengeApplication for test class com.mindex.challenge.ChallengeApplicationTests

  .   ____          _            __ _ _
 /\\ / ___'_ __ _ _(_)_ __  __ _ \ \ \ \
( ( )\___ | '_ | '_| | '_ \/ _` | \ \ \ \
 \\/  ___)| |_)| | | | | || (_| |  ) ) ) )
  '  |____| .__|_| |_|_| |_\__, | / / / /
 =========|_|==============|___/=/_/_/_/
 :: Spring Boot ::                (v3.2.3)

2024-08-05T04:00:50.450-04:00  INFO 38696 --- [    Test worker] c.m.challenge.ChallengeApplicationTests  : Starting ChallengeApplicationTests using Java 17.0.6 with PID 38696 (started by samuelbaldwin in /Users/samuelbaldwin/Documents/MindexChallenge/mindex-code-challenge)
2024-08-05T04:00:50.451-04:00 DEBUG 38696 --- [    Test worker] c.m.challenge.ChallengeApplicationTests  : Running with Spring Boot v3.2.3, Spring v6.1.4
2024-08-05T04:00:50.452-04:00  INFO 38696 --- [    Test worker] c.m.challenge.ChallengeApplicationTests  : No active profile set, falling back to 1 default profile: "default"
2024-08-05T04:00:50.810-04:00  INFO 38696 --- [    Test worker] .s.d.r.c.RepositoryConfigurationDelegate : Bootstrapping Spring Data MongoDB repositories in DEFAULT mode.
2024-08-05T04:00:50.846-04:00  INFO 38696 --- [    Test worker] .s.d.r.c.RepositoryConfigurationDelegate : Finished Spring Data repository scanning in 32 ms. Found 2 MongoDB repository interfaces.
2024-08-05T04:00:51.440-04:00  INFO 38696 --- [    Test worker] de.bwaldvogel.mongo.MongoServer          : started MongoServer(port: 56668, ssl: false)
2024-08-05T04:00:51.548-04:00  INFO 38696 --- [    Test worker] org.mongodb.driver.client                : MongoClient with metadata {"driver": {"name": "mongo-java-driver|sync", "version": "4.11.1"}, "os": {"type": "Darwin", "name": "Mac OS X", "architecture": "x86_64", "version": "12.7.4"}, "platform": "Java/Oracle Corporation/17.0.6+9-LTS-190"} created with settings MongoClientSettings{readPreference=primary, writeConcern=WriteConcern{w=null, wTimeout=null ms, journal=null}, retryWrites=true, retryReads=true, readConcern=ReadConcern{level=null}, credential=null, transportSettings=null, streamFactoryFactory=null, commandListeners=[], codecRegistry=ProvidersCodecRegistry{codecProviders=[ValueCodecProvider{}, BsonValueCodecProvider{}, DBRefCodecProvider{}, DBObjectCodecProvider{}, DocumentCodecProvider{}, CollectionCodecProvider{}, IterableCodecProvider{}, MapCodecProvider{}, GeoJsonCodecProvider{}, GridFSFileCodecProvider{}, Jsr310CodecProvider{}, JsonObjectCodecProvider{}, BsonCodecProvider{}, EnumCodecProvider{}, com.mongodb.client.model.mql.ExpressionCodecProvider@472d0f4, com.mongodb.Jep395RecordCodecProvider@4bc59b27, com.mongodb.KotlinCodecProvider@4d7a64ca]}, loggerSettings=LoggerSettings{maxDocumentLength=1000}, clusterSettings={hosts=[localhost:56668], srvServiceName=mongodb, mode=SINGLE, requiredClusterType=UNKNOWN, requiredReplicaSetName='null', serverSelector='null', clusterListeners='[]', serverSelectionTimeout='30000 ms', localThreshold='15 ms'}, socketSettings=SocketSettings{connectTimeoutMS=10000, readTimeoutMS=0, receiveBufferSize=0, proxySettings=ProxySettings{host=null, port=null, username=null, password=null}}, heartbeatSocketSettings=SocketSettings{connectTimeoutMS=10000, readTimeoutMS=10000, receiveBufferSize=0, proxySettings=ProxySettings{host=null, port=null, username=null, password=null}}, connectionPoolSettings=ConnectionPoolSettings{maxSize=100, minSize=0, maxWaitTimeMS=120000, maxConnectionLifeTimeMS=0, maxConnectionIdleTimeMS=0, maintenanceInitialDelayMS=0, maintenanceFrequencyMS=60000, connectionPoolListeners=[], maxConnecting=2}, serverSettings=ServerSettings{heartbeatFrequencyMS=10000, minHeartbeatFrequencyMS=500, serverListeners='[]', serverMonitorListeners='[]'}, sslSettings=SslSettings{enabled=false, invalidHostNameAllowed=false, context=null}, applicationName='null', compressorList=[], uuidRepresentation=UNSPECIFIED, serverApi=null, autoEncryptionSettings=null, dnsClient=null, inetAddressResolver=null, contextProvider=null}
2024-08-05T04:00:51.578-04:00  INFO 38696 --- [-server-worker1] d.b.mongo.wire.MongoWireProtocolHandler  : client [id: 0x84650699, L:/127.0.0.1:56668 - R:/127.0.0.1:56670] connected
2024-08-05T04:00:51.585-04:00  INFO 38696 --- [-server-worker2] d.b.mongo.wire.MongoWireProtocolHandler  : client [id: 0xf5b55c8a, L:/127.0.0.1:56668 - R:/127.0.0.1:56669] connected
2024-08-05T04:00:51.657-04:00  INFO 38696 --- [localhost:56668] org.mongodb.driver.cluster               : Monitor thread successfully connected to server with description ServerDescription{address=localhost:56668, type=STANDALONE, state=CONNECTED, ok=true, minWireVersion=0, maxWireVersion=6, maxDocumentSize=16777216, logicalSessionTimeoutMinutes=null, roundTripTimeNanos=95170073}
2024-08-05T04:00:52.119-04:00  INFO 38696 --- [-server-worker3] d.b.mongo.wire.MongoWireProtocolHandler  : client [id: 0x08c70413, L:/127.0.0.1:56668 - R:/127.0.0.1:56671] connected
2024-08-05T04:00:52.142-04:00  INFO 38696 --- [-server-worker3] d.b.mongo.backend.AbstractMongoBackend   : created database test
2024-08-05T04:00:52.145-04:00  INFO 38696 --- [-server-worker3] d.b.mongo.backend.AbstractMongoDatabase  : adding unique _id index for collection employee
2024-08-05T04:00:52.149-04:00  INFO 38696 --- [-server-worker3] d.b.mongo.backend.AbstractMongoDatabase  : created collection test.employee
2024-08-05T04:00:52.619-04:00  INFO 38696 --- [    Test worker] c.m.challenge.ChallengeApplicationTests  : Started ChallengeApplicationTests in 2.424 seconds (process running for 3.186)
]]></system-out>
  <system-err><![CDATA[]]></system-err>
</testsuite>
