<?xml version="1.0" encoding="UTF-8"?>
<testsuite name="com.mindex.challenge.service.impl.EmployeeServiceImplTest" tests="1" skipped="0" failures="0" errors="0" timestamp="2024-08-05T08:00:54" hostname="Samuels-MacBook-Pro.local" time="0.032">
  <properties/>
  <testcase name="testCreateReadUpdate" classname="com.mindex.challenge.service.impl.EmployeeServiceImplTest" time="0.032"/>
  <system-out><![CDATA[2024-08-05T04:00:54.160-04:00  INFO 38696 --- [    Test worker] t.c.s.AnnotationConfigContextLoaderUtils : Could not detect default configuration classes for test class [com.mindex.challenge.service.impl.EmployeeServiceImplTest]: EmployeeServiceImplTest does not declare any static, non-private, non-final, nested classes annotated with @Configuration.
2024-08-05T04:00:54.165-04:00  INFO 38696 --- [    Test worker] .b.t.c.SpringBootTestContextBootstrapper : Found @SpringBootConfiguration com.mindex.challenge.ChallengeApplication for test class com.mindex.challenge.service.impl.EmployeeServiceImplTest
2024-08-05T04:00:54.179-04:00 DEBUG 38696 --- [o-auto-1-exec-4] c.m.c.controller.EmployeeController      : Received employee create request for [com.mindex.challenge.data.Employee@356c2744]
2024-08-05T04:00:54.180-04:00 DEBUG 38696 --- [o-auto-1-exec-4] c.m.c.service.impl.EmployeeServiceImpl   : Creating employee [com.mindex.challenge.data.Employee@356c2744]
2024-08-05T04:00:54.186-04:00 DEBUG 38696 --- [o-auto-1-exec-5] c.m.c.controller.EmployeeController      : Received employee create request for id [9d4a4b5a-1c0b-4933-9038-417612bd650c]
2024-08-05T04:00:54.187-04:00 DEBUG 38696 --- [o-auto-1-exec-5] c.m.c.service.impl.EmployeeServiceImpl   : Creating employee with id [9d4a4b5a-1c0b-4933-9038-417612bd650c]
2024-08-05T04:00:54.196-04:00 DEBUG 38696 --- [o-auto-1-exec-6] c.m.c.controller.EmployeeController      : Received employee create request for id [9d4a4b5a-1c0b-4933-9038-417612bd650c] and employee [com.mindex.challenge.data.Employee@6958707f]
2024-08-05T04:00:54.196-04:00 DEBUG 38696 --- [o-auto-1-exec-6] c.m.c.service.impl.EmployeeServiceImpl   : Updating employee [com.mindex.challenge.data.Employee@6958707f]
]]></system-out>
  <system-err><![CDATA[]]></system-err>
</testsuite>
