<?xml version="1.0" encoding="UTF-8"?>
<testsuite name="com.mindex.challenge.service.impl.CompensationServiceImplTest" tests="1" skipped="0" failures="0" errors="0" timestamp="2024-08-05T08:00:53" hostname="Samuels-MacBook-Pro.local" time="0.251">
  <properties/>
  <testcase name="testCompensationCreationandUpdate" classname="com.mindex.challenge.service.impl.CompensationServiceImplTest" time="0.251"/>
  <system-out><![CDATA[2024-08-05T04:00:53.311-04:00  INFO 38696 --- [    Test worker] t.c.s.AnnotationConfigContextLoaderUtils : Could not detect default configuration classes for test class [com.mindex.challenge.service.impl.CompensationServiceImplTest]: CompensationServiceImplTest does not declare any static, non-private, non-final, nested classes annotated with @Configuration.
2024-08-05T04:00:53.327-04:00  INFO 38696 --- [    Test worker] .b.t.c.SpringBootTestContextBootstrapper : Found @SpringBootConfiguration com.mindex.challenge.ChallengeApplication for test class com.mindex.challenge.service.impl.CompensationServiceImplTest

  .   ____          _            __ _ _
 /\\ / ___'_ __ _ _(_)_ __  __ _ \ \ \ \
( ( )\___ | '_ | '_| | '_ \/ _` | \ \ \ \
 \\/  ___)| |_)| | | | | || (_| |  ) ) ) )
  '  |____| .__|_| |_|_| |_\__, | / / / /
 =========|_|==============|___/=/_/_/_/
 :: Spring Boot ::                (v3.2.3)

2024-08-05T04:00:53.366-04:00  INFO 38696 --- [    Test worker] c.m.c.s.i.CompensationServiceImplTest    : Starting CompensationServiceImplTest using Java 17.0.6 with PID 38696 (started by samuelbaldwin in /Users/samuelbaldwin/Documents/MindexChallenge/mindex-code-challenge)
2024-08-05T04:00:53.366-04:00 DEBUG 38696 --- [    Test worker] c.m.c.s.i.CompensationServiceImplTest    : Running with Spring Boot v3.2.3, Spring v6.1.4
2024-08-05T04:00:53.367-04:00  INFO 38696 --- [    Test worker] c.m.c.s.i.CompensationServiceImplTest    : No active profile set, falling back to 1 default profile: "default"
2024-08-05T04:00:53.456-04:00  INFO 38696 --- [    Test worker] .s.d.r.c.RepositoryConfigurationDelegate : Bootstrapping Spring Data MongoDB repositories in DEFAULT mode.
2024-08-05T04:00:53.461-04:00  INFO 38696 --- [    Test worker] .s.d.r.c.RepositoryConfigurationDelegate : Finished Spring Data repository scanning in 4 ms. Found 2 MongoDB repository interfaces.
2024-08-05T04:00:53.612-04:00  INFO 38696 --- [    Test worker] o.s.b.w.embedded.tomcat.TomcatWebServer  : Tomcat initialized with port 0 (http)
2024-08-05T04:00:53.624-04:00  INFO 38696 --- [    Test worker] o.apache.catalina.core.StandardService   : Starting service [Tomcat]
2024-08-05T04:00:53.625-04:00  INFO 38696 --- [    Test worker] o.apache.catalina.core.StandardEngine    : Starting Servlet engine: [Apache Tomcat/10.1.19]
2024-08-05T04:00:53.672-04:00  INFO 38696 --- [    Test worker] o.a.c.c.C.[Tomcat].[localhost].[/]       : Initializing Spring embedded WebApplicationContext
2024-08-05T04:00:53.673-04:00  INFO 38696 --- [    Test worker] w.s.c.ServletWebServerApplicationContext : Root WebApplicationContext: initialization completed in 304 ms
2024-08-05T04:00:53.721-04:00  INFO 38696 --- [    Test worker] de.bwaldvogel.mongo.MongoServer          : started MongoServer(port: 56672, ssl: false)
2024-08-05T04:00:53.726-04:00  INFO 38696 --- [    Test worker] org.mongodb.driver.client                : MongoClient with metadata {"driver": {"name": "mongo-java-driver|sync", "version": "4.11.1"}, "os": {"type": "Darwin", "name": "Mac OS X", "architecture": "x86_64", "version": "12.7.4"}, "platform": "Java/Oracle Corporation/17.0.6+9-LTS-190"} created with settings MongoClientSettings{readPreference=primary, writeConcern=WriteConcern{w=null, wTimeout=null ms, journal=null}, retryWrites=true, retryReads=true, readConcern=ReadConcern{level=null}, credential=null, transportSettings=null, streamFactoryFactory=null, commandListeners=[], codecRegistry=ProvidersCodecRegistry{codecProviders=[ValueCodecProvider{}, BsonValueCodecProvider{}, DBRefCodecProvider{}, DBObjectCodecProvider{}, DocumentCodecProvider{}, CollectionCodecProvider{}, IterableCodecProvider{}, MapCodecProvider{}, GeoJsonCodecProvider{}, GridFSFileCodecProvider{}, Jsr310CodecProvider{}, JsonObjectCodecProvider{}, BsonCodecProvider{}, EnumCodecProvider{}, com.mongodb.client.model.mql.ExpressionCodecProvider@472d0f4, com.mongodb.Jep395RecordCodecProvider@4bc59b27, com.mongodb.KotlinCodecProvider@4d7a64ca]}, loggerSettings=LoggerSettings{maxDocumentLength=1000}, clusterSettings={hosts=[localhost:56672], srvServiceName=mongodb, mode=SINGLE, requiredClusterType=UNKNOWN, requiredReplicaSetName='null', serverSelector='null', clusterListeners='[]', serverSelectionTimeout='30000 ms', localThreshold='15 ms'}, socketSettings=SocketSettings{connectTimeoutMS=10000, readTimeoutMS=0, receiveBufferSize=0, proxySettings=ProxySettings{host=null, port=null, username=null, password=null}}, heartbeatSocketSettings=SocketSettings{connectTimeoutMS=10000, readTimeoutMS=10000, receiveBufferSize=0, proxySettings=ProxySettings{host=null, port=null, username=null, password=null}}, connectionPoolSettings=ConnectionPoolSettings{maxSize=100, minSize=0, maxWaitTimeMS=120000, maxConnectionLifeTimeMS=0, maxConnectionIdleTimeMS=0, maintenanceInitialDelayMS=0, maintenanceFrequencyMS=60000, connectionPoolListeners=[], maxConnecting=2}, serverSettings=ServerSettings{heartbeatFrequencyMS=10000, minHeartbeatFrequencyMS=500, serverListeners='[]', serverMonitorListeners='[]'}, sslSettings=SslSettings{enabled=false, invalidHostNameAllowed=false, context=null}, applicationName='null', compressorList=[], uuidRepresentation=UNSPECIFIED, serverApi=null, autoEncryptionSettings=null, dnsClient=null, inetAddressResolver=null, contextProvider=null}
2024-08-05T04:00:53.731-04:00  INFO 38696 --- [-server-worker1] d.b.mongo.wire.MongoWireProtocolHandler  : client [id: 0x5103f25f, L:/127.0.0.1:56672 - R:/127.0.0.1:56673] connected
2024-08-05T04:00:53.735-04:00  INFO 38696 --- [-server-worker2] d.b.mongo.wire.MongoWireProtocolHandler  : client [id: 0x7e5d13f5, L:/127.0.0.1:56672 - R:/127.0.0.1:56674] connected
2024-08-05T04:00:53.737-04:00  INFO 38696 --- [localhost:56672] org.mongodb.driver.cluster               : Monitor thread successfully connected to server with description ServerDescription{address=localhost:56672, type=STANDALONE, state=CONNECTED, ok=true, minWireVersion=0, maxWireVersion=6, maxDocumentSize=16777216, logicalSessionTimeoutMinutes=null, roundTripTimeNanos=9036575}
2024-08-05T04:00:53.774-04:00  INFO 38696 --- [-server-worker3] d.b.mongo.wire.MongoWireProtocolHandler  : client [id: 0xb88e48dc, L:/127.0.0.1:56672 - R:/127.0.0.1:56675] connected
2024-08-05T04:00:53.779-04:00  INFO 38696 --- [-server-worker3] d.b.mongo.backend.AbstractMongoBackend   : created database test
2024-08-05T04:00:53.779-04:00  INFO 38696 --- [-server-worker3] d.b.mongo.backend.AbstractMongoDatabase  : adding unique _id index for collection employee
2024-08-05T04:00:53.779-04:00  INFO 38696 --- [-server-worker3] d.b.mongo.backend.AbstractMongoDatabase  : created collection test.employee
2024-08-05T04:00:53.894-04:00  INFO 38696 --- [    Test worker] o.s.b.w.embedded.tomcat.TomcatWebServer  : Tomcat started on port 56676 (http) with context path ''
2024-08-05T04:00:53.897-04:00  INFO 38696 --- [    Test worker] c.m.c.s.i.CompensationServiceImplTest    : Started CompensationServiceImplTest in 0.567 seconds (process running for 4.464)
2024-08-05T04:00:53.982-04:00  INFO 38696 --- [o-auto-1-exec-2] o.a.c.c.C.[Tomcat].[localhost].[/]       : Initializing Spring DispatcherServlet 'dispatcherServlet'
2024-08-05T04:00:53.982-04:00  INFO 38696 --- [o-auto-1-exec-2] o.s.web.servlet.DispatcherServlet        : Initializing Servlet 'dispatcherServlet'
2024-08-05T04:00:53.983-04:00  INFO 38696 --- [o-auto-1-exec-2] o.s.web.servlet.DispatcherServlet        : Completed initialization in 1 ms
2024-08-05T04:00:54.024-04:00 DEBUG 38696 --- [o-auto-1-exec-2] c.m.c.controller.EmployeeController      : Received employee create request for [com.mindex.challenge.data.Employee@72af7662]
2024-08-05T04:00:54.024-04:00 DEBUG 38696 --- [o-auto-1-exec-2] c.m.c.service.impl.EmployeeServiceImpl   : Creating employee [com.mindex.challenge.data.Employee@72af7662]
2024-08-05T04:00:54.062-04:00 DEBUG 38696 --- [o-auto-1-exec-1] c.m.c.controller.CompensationController  : Received compensation create request for [com.mindex.challenge.data.Compensation@4382777e]
2024-08-05T04:00:54.063-04:00 DEBUG 38696 --- [o-auto-1-exec-1] c.m.c.s.impl.CompensationServiceImpl     : Creating Compensation [com.mindex.challenge.data.Compensation@4382777e]
2024-08-05T04:00:54.096-04:00  INFO 38696 --- [-server-worker3] d.b.mongo.backend.AbstractMongoDatabase  : adding unique _id index for collection compensation
2024-08-05T04:00:54.099-04:00  INFO 38696 --- [-server-worker3] d.b.mongo.backend.AbstractMongoDatabase  : created collection test.compensation
2024-08-05T04:00:54.134-04:00 DEBUG 38696 --- [o-auto-1-exec-3] c.m.c.controller.CompensationController  : Received Compensation create request for employee [681dd1f6-7223-4093-b10b-b05142de616d]
2024-08-05T04:00:54.134-04:00 DEBUG 38696 --- [o-auto-1-exec-3] c.m.c.s.impl.CompensationServiceImpl     : Creating Compensation for Employee with id [681dd1f6-7223-4093-b10b-b05142de616d]
]]></system-out>
  <system-err><![CDATA[]]></system-err>
</testsuite>
